# JRE version: OpenJDK Runtime Environment (8.0_152-b01) (build 1.8.0_152-release-915-b01)
# Java VM: OpenJDK 64-Bit Server VM (25.152-b01 mixed mode windows-amd64 compressed oops)
Heap:
 PSYoungGen      total 29696K, used 18420K [0x00000000e0000000, 0x00000000e2280000, 0x0000000100000000)
  eden space 25088K, 62% used [0x00000000e0000000,0x00000000e0f33888,0x00000000e1880000)
  from space 4608K, 61% used [0x00000000e1e00000,0x00000000e20c9b30,0x00000000e2280000)
  to   space 5120K, 0% used [0x00000000e1880000,0x00000000e1880000,0x00000000e1d80000)
 ParOldGen       total 33280K, used 19316K [0x00000000a0000000, 0x00000000a2080000, 0x00000000e0000000)
  object space 33280K, 58% used [0x00000000a0000000,0x00000000a12dd050,0x00000000a2080000)
 Metaspace       used 42227K, capacity 43180K, committed 43608K, reserved 1087488K
  class space    used 5661K, capacity 5995K, committed 6016K, reserved 1048576K
GC Heap History (10 events):
Event: 71.350 GC heap before
{Heap before GC invocations=24 (full 2):
 PSYoungGen      total 21504K, used 18281K [0x00000000e0000000, 0x00000000e1a80000, 0x0000000100000000)
  eden space 15872K, 100% used [0x00000000e0000000,0x00000000e0f80000,0x00000000e0f80000)
  from space 5632K, 42% used [0x00000000e0f80000,0x00000000e11da718,0x00000000e1500000)
  to   space 5632K, 0% used [0x00000000e1500000,0x00000000e1500000,0x00000000e1a80000)
 ParOldGen       total 33280K, used 14426K [0x00000000a0000000, 0x00000000a2080000, 0x00000000e0000000)
  object space 33280K, 43% used [0x00000000a0000000,0x00000000a0e16978,0x00000000a2080000)
 Metaspace       used 37540K, capacity 38374K, committed 38616K, reserved 1083392K
  class space    used 5048K, capacity 5331K, committed 5376K, reserved 1048576K
Event: 71.354 GC heap after
Heap after GC invocations=24 (full 2):
 PSYoungGen      total 20480K, used 1433K [0x00000000e0000000, 0x00000000e1980000, 0x0000000100000000)
  eden space 15872K, 0% used [0x00000000e0000000,0x00000000e0000000,0x00000000e0f80000)
  from space 4608K, 31% used [0x00000000e1500000,0x00000000e16664c0,0x00000000e1980000)
  to   space 5120K, 0% used [0x00000000e0f80000,0x00000000e0f80000,0x00000000e1480000)
 ParOldGen       total 33280K, used 14434K [0x00000000a0000000, 0x00000000a2080000, 0x00000000e0000000)
  object space 33280K, 43% used [0x00000000a0000000,0x00000000a0e18978,0x00000000a2080000)
 Metaspace       used 37540K, capacity 38374K, committed 38616K, reserved 1083392K
  class space    used 5048K, capacity 5331K, committed 5376K, reserved 1048576K
}
Event: 71.567 GC heap before
{Heap before GC invocations=25 (full 2):
 PSYoungGen      total 20480K, used 17305K [0x00000000e0000000, 0x00000000e1980000, 0x0000000100000000)
  eden space 15872K, 100% used [0x00000000e0000000,0x00000000e0f80000,0x00000000e0f80000)
  from space 4608K, 31% used [0x00000000e1500000,0x00000000e16664c0,0x00000000e1980000)
  to   space 5120K, 0% used [0x00000000e0f80000,0x00000000e0f80000,0x00000000e1480000)
 ParOldGen       total 33280K, used 14434K [0x00000000a0000000, 0x00000000a2080000, 0x00000000e0000000)
  object space 33280K, 43% used [0x00000000a0000000,0x00000000a0e18978,0x00000000a2080000)
 Metaspace       used 37680K, capacity 38502K, committed 38872K, reserved 1083392K
  class space    used 5056K, capacity 5331K, committed 5376K, reserved 1048576K
Event: 71.572 GC heap after
Heap after GC invocations=25 (full 2):
 PSYoungGen      total 20992K, used 1408K [0x00000000e0000000, 0x00000000e1e00000, 0x0000000100000000)
  eden space 15872K, 0% used [0x00000000e0000000,0x00000000e0000000,0x00000000e0f80000)
  from space 5120K, 27% used [0x00000000e0f80000,0x00000000e10e0000,0x00000000e1480000)
  to   space 5120K, 0% used [0x00000000e1900000,0x00000000e1900000,0x00000000e1e00000)
 ParOldGen       total 33280K, used 14762K [0x00000000a0000000, 0x00000000a2080000, 0x00000000e0000000)
  object space 33280K, 44% used [0x00000000a0000000,0x00000000a0e6a978,0x00000000a2080000)
 Metaspace       used 37680K, capacity 38502K, committed 38872K, reserved 1083392K
  class space    used 5056K, capacity 5331K, committed 5376K, reserved 1048576K
}
Event: 72.306 GC heap before
{Heap before GC invocations=26 (full 2):
 PSYoungGen      total 20992K, used 17280K [0x00000000e0000000, 0x00000000e1e00000, 0x0000000100000000)
  eden space 15872K, 100% used [0x00000000e0000000,0x00000000e0f80000,0x00000000e0f80000)
  from space 5120K, 27% used [0x00000000e0f80000,0x00000000e10e0000,0x00000000e1480000)
  to   space 5120K, 0% used [0x00000000e1900000,0x00000000e1900000,0x00000000e1e00000)
 ParOldGen       total 33280K, used 14762K [0x00000000a0000000, 0x00000000a2080000, 0x00000000e0000000)
  object space 33280K, 44% used [0x00000000a0000000,0x00000000a0e6a978,0x00000000a2080000)
 Metaspace       used 39250K, capacity 40026K, committed 40280K, reserved 1083392K
  class space    used 5247K, capacity 5495K, committed 5504K, reserved 1048576K
Event: 72.319 GC heap after
Heap after GC invocations=26 (full 2):
 PSYoungGen      total 25600K, used 1775K [0x00000000e0000000, 0x00000000e1e80000, 0x0000000100000000)
  eden space 20480K, 0% used [0x00000000e0000000,0x00000000e0000000,0x00000000e1400000)
  from space 5120K, 34% used [0x00000000e1900000,0x00000000e1abbf50,0x00000000e1e00000)
  to   space 5120K, 0% used [0x00000000e1400000,0x00000000e1400000,0x00000000e1900000)
 ParOldGen       total 33280K, used 15970K [0x00000000a0000000, 0x00000000a2080000, 0x00000000e0000000)
  object space 33280K, 47% used [0x00000000a0000000,0x00000000a0f98978,0x00000000a2080000)
 Metaspace       used 39250K, capacity 40026K, committed 40280K, reserved 1083392K
  class space    used 5247K, capacity 5495K, committed 5504K, reserved 1048576K
}
Event: 73.028 GC heap before
{Heap before GC invocations=27 (full 2):
 PSYoungGen      total 25600K, used 22224K [0x00000000e0000000, 0x00000000e1e80000, 0x0000000100000000)
  eden space 20480K, 99% used [0x00000000e0000000,0x00000000e13f8120,0x00000000e1400000)
  from space 5120K, 34% used [0x00000000e1900000,0x00000000e1abbf50,0x00000000e1e00000)
  to   space 5120K, 0% used [0x00000000e1400000,0x00000000e1400000,0x00000000e1900000)
 ParOldGen       total 33280K, used 15970K [0x00000000a0000000, 0x00000000a2080000, 0x00000000e0000000)
  object space 33280K, 47% used [0x00000000a0000000,0x00000000a0f98978,0x00000000a2080000)
 Metaspace       used 40677K, capacity 41554K, committed 42072K, reserved 1085440K
  class space    used 5399K, capacity 5673K, committed 5760K, reserved 1048576K
Event: 73.033 GC heap after
Heap after GC invocations=27 (full 2):
 PSYoungGen      total 25600K, used 4138K [0x00000000e0000000, 0x00000000e2380000, 0x0000000100000000)
  eden space 20480K, 0% used [0x00000000e0000000,0x00000000e0000000,0x00000000e1400000)
  from space 5120K, 80% used [0x00000000e1400000,0x00000000e180a960,0x00000000e1900000)
  to   space 5632K, 0% used [0x00000000e1e00000,0x00000000e1e00000,0x00000000e2380000)
 ParOldGen       total 33280K, used 16830K [0x00000000a0000000, 0x00000000a2080000, 0x00000000e0000000)
  object space 33280K, 50% used [0x00000000a0000000,0x00000000a106f988,0x00000000a2080000)
 Metaspace       used 40677K, capacity 41554K, committed 42072K, reserved 1085440K
  class space    used 5399K, capacity 5673K, committed 5760K, reserved 1048576K
}
Event: 73.566 GC heap before
{Heap before GC invocations=28 (full 2):
 PSYoungGen      total 25600K, used 24618K [0x00000000e0000000, 0x00000000e2380000, 0x0000000100000000)
  eden space 20480K, 100% used [0x00000000e0000000,0x00000000e1400000,0x00000000e1400000)
  from space 5120K, 80% used [0x00000000e1400000,0x00000000e180a960,0x00000000e1900000)
  to   space 5632K, 0% used [0x00000000e1e00000,0x00000000e1e00000,0x00000000e2380000)
 ParOldGen       total 33280K, used 16830K [0x00000000a0000000, 0x00000000a2080000, 0x00000000e0000000)
  object space 33280K, 50% used [0x00000000a0000000,0x00000000a106f988,0x00000000a2080000)
 Metaspace       used 41291K, capacity 42178K, committed 42456K, reserved 1085440K
  class space    used 5507K, capacity 5794K, committed 5888K, reserved 1048576K
Event: 73.573 GC heap after
Heap after GC invocations=28 (full 2):
 PSYoungGen      total 29696K, used 2854K [0x00000000e0000000, 0x00000000e2280000, 0x0000000100000000)
  eden space 25088K, 0% used [0x00000000e0000000,0x00000000e0000000,0x00000000e1880000)
  from space 4608K, 61% used [0x00000000e1e00000,0x00000000e20c9b30,0x00000000e2280000)
  to   space 5120K, 0% used [0x00000000e1880000,0x00000000e1880000,0x00000000e1d80000)
 ParOldGen       total 33280K, used 19316K [0x00000000a0000000, 0x00000000a2080000, 0x00000000e0000000)
  object space 33280K, 58% used [0x00000000a0000000,0x00000000a12dd050,0x00000000a2080000)
 Metaspace       used 41291K, capacity 42178K, committed 42456K, reserved 1085440K
  class space    used 5507K, capacity 5794K, committed 5888K, reserved 1048576K
}

