# JRE version: OpenJDK Runtime Environment (8.0_152-b01) (build 1.8.0_152-release-915-b01)
# Java VM: OpenJDK 64-Bit Server VM (25.152-b01 mixed mode windows-amd64 compressed oops)
Heap:
 PSYoungGen      total 41984K, used 23247K [0x00000000e0000000, 0x00000000e3700000, 0x0000000100000000)
  eden space 40960K, 56% used [0x00000000e0000000,0x00000000e16b3c08,0x00000000e2800000)
  from space 1024K, 0% used [0x00000000e2900000,0x00000000e2900000,0x00000000e2a00000)
  to   space 7680K, 0% used [0x00000000e2f80000,0x00000000e2f80000,0x00000000e3700000)
 ParOldGen       total 51200K, used 13732K [0x00000000a0000000, 0x00000000a3200000, 0x00000000e0000000)
  object space 51200K, 26% used [0x00000000a0000000,0x00000000a0d69058,0x00000000a3200000)
 Metaspace       used 37380K, capacity 38182K, committed 38616K, reserved 1083392K
  class space    used 5047K, capacity 5331K, committed 5376K, reserved 1048576K
GC Heap History (10 events):
Event: 26.966 GC heap before
{Heap before GC invocations=11 (full 1):
 PSYoungGen      total 38912K, used 36687K [0x00000000e0000000, 0x00000000e3a00000, 0x0000000100000000)
  eden space 31232K, 100% used [0x00000000e0000000,0x00000000e1e80000,0x00000000e1e80000)
  from space 7680K, 71% used [0x00000000e1e80000,0x00000000e23d3d90,0x00000000e2600000)
  to   space 7680K, 0% used [0x00000000e3280000,0x00000000e3280000,0x00000000e3a00000)
 ParOldGen       total 34304K, used 9317K [0x00000000a0000000, 0x00000000a2180000, 0x00000000e0000000)
  object space 34304K, 27% used [0x00000000a0000000,0x00000000a09194b8,0x00000000a2180000)
 Metaspace       used 27750K, capacity 28376K, committed 28672K, reserved 1073152K
  class space    used 3865K, capacity 4035K, committed 4096K, reserved 1048576K
Event: 26.974 GC heap after
Heap after GC invocations=11 (full 1):
 PSYoungGen      total 51712K, used 4597K [0x00000000e0000000, 0x00000000e3a80000, 0x0000000100000000)
  eden space 44032K, 0% used [0x00000000e0000000,0x00000000e0000000,0x00000000e2b00000)
  from space 7680K, 59% used [0x00000000e3280000,0x00000000e36fd6d8,0x00000000e3a00000)
  to   space 7680K, 0% used [0x00000000e2b00000,0x00000000e2b00000,0x00000000e3280000)
 ParOldGen       total 34304K, used 11285K [0x00000000a0000000, 0x00000000a2180000, 0x00000000e0000000)
  object space 34304K, 32% used [0x00000000a0000000,0x00000000a0b05528,0x00000000a2180000)
 Metaspace       used 27750K, capacity 28376K, committed 28672K, reserved 1073152K
  class space    used 3865K, capacity 4035K, committed 4096K, reserved 1048576K
}
Event: 30.758 GC heap before
{Heap before GC invocations=12 (full 1):
 PSYoungGen      total 51712K, used 48629K [0x00000000e0000000, 0x00000000e3a80000, 0x0000000100000000)
  eden space 44032K, 100% used [0x00000000e0000000,0x00000000e2b00000,0x00000000e2b00000)
  from space 7680K, 59% used [0x00000000e3280000,0x00000000e36fd6d8,0x00000000e3a00000)
  to   space 7680K, 0% used [0x00000000e2b00000,0x00000000e2b00000,0x00000000e3280000)
 ParOldGen       total 34304K, used 11285K [0x00000000a0000000, 0x00000000a2180000, 0x00000000e0000000)
  object space 34304K, 32% used [0x00000000a0000000,0x00000000a0b05528,0x00000000a2180000)
 Metaspace       used 30306K, capacity 30904K, committed 31232K, reserved 1077248K
  class space    used 4128K, capacity 4323K, committed 4352K, reserved 1048576K
Event: 30.767 GC heap after
Heap after GC invocations=12 (full 1):
 PSYoungGen      total 45056K, used 2032K [0x00000000e0000000, 0x00000000e3900000, 0x0000000100000000)
  eden space 43008K, 0% used [0x00000000e0000000,0x00000000e0000000,0x00000000e2a00000)
  from space 2048K, 99% used [0x00000000e2b00000,0x00000000e2cfc3e0,0x00000000e2d00000)
  to   space 7680K, 0% used [0x00000000e3180000,0x00000000e3180000,0x00000000e3900000)
 ParOldGen       total 34304K, used 13890K [0x00000000a0000000, 0x00000000a2180000, 0x00000000e0000000)
  object space 34304K, 40% used [0x00000000a0000000,0x00000000a0d90ac8,0x00000000a2180000)
 Metaspace       used 30306K, capacity 30904K, committed 31232K, reserved 1077248K
  class space    used 4128K, capacity 4323K, committed 4352K, reserved 1048576K
}
Event: 33.596 GC heap before
{Heap before GC invocations=13 (full 1):
 PSYoungGen      total 45056K, used 45040K [0x00000000e0000000, 0x00000000e3900000, 0x0000000100000000)
  eden space 43008K, 100% used [0x00000000e0000000,0x00000000e2a00000,0x00000000e2a00000)
  from space 2048K, 99% used [0x00000000e2b00000,0x00000000e2cfc3e0,0x00000000e2d00000)
  to   space 7680K, 0% used [0x00000000e3180000,0x00000000e3180000,0x00000000e3900000)
 ParOldGen       total 34304K, used 13890K [0x00000000a0000000, 0x00000000a2180000, 0x00000000e0000000)
  object space 34304K, 40% used [0x00000000a0000000,0x00000000a0d90ac8,0x00000000a2180000)
 Metaspace       used 32815K, capacity 33528K, committed 33920K, reserved 1079296K
  class space    used 4448K, capacity 4671K, committed 4736K, reserved 1048576K
Event: 33.602 GC heap after
Heap after GC invocations=13 (full 1):
 PSYoungGen      total 47616K, used 4029K [0x00000000e0000000, 0x00000000e3700000, 0x0000000100000000)
  eden space 41984K, 0% used [0x00000000e0000000,0x00000000e0000000,0x00000000e2900000)
  from space 5632K, 71% used [0x00000000e3180000,0x00000000e356f768,0x00000000e3700000)
  to   space 7168K, 0% used [0x00000000e2900000,0x00000000e2900000,0x00000000e3000000)
 ParOldGen       total 34304K, used 14730K [0x00000000a0000000, 0x00000000a2180000, 0x00000000e0000000)
  object space 34304K, 42% used [0x00000000a0000000,0x00000000a0e62ae8,0x00000000a2180000)
 Metaspace       used 32815K, capacity 33528K, committed 33920K, reserved 1079296K
  class space    used 4448K, capacity 4671K, committed 4736K, reserved 1048576K
}
Event: 34.234 GC heap before
{Heap before GC invocations=14 (full 1):
 PSYoungGen      total 47616K, used 8764K [0x00000000e0000000, 0x00000000e3700000, 0x0000000100000000)
  eden space 41984K, 11% used [0x00000000e0000000,0x00000000e049f938,0x00000000e2900000)
  from space 5632K, 71% used [0x00000000e3180000,0x00000000e356f768,0x00000000e3700000)
  to   space 7168K, 0% used [0x00000000e2900000,0x00000000e2900000,0x00000000e3000000)
 ParOldGen       total 34304K, used 14730K [0x00000000a0000000, 0x00000000a2180000, 0x00000000e0000000)
  object space 34304K, 42% used [0x00000000a0000000,0x00000000a0e62ae8,0x00000000a2180000)
 Metaspace       used 34438K, capacity 35206K, committed 35416K, reserved 1079296K
  class space    used 4686K, capacity 4957K, committed 4992K, reserved 1048576K
Event: 34.238 GC heap after
Heap after GC invocations=14 (full 1):
 PSYoungGen      total 41984K, used 843K [0x00000000e0000000, 0x00000000e3700000, 0x0000000100000000)
  eden space 40960K, 0% used [0x00000000e0000000,0x00000000e0000000,0x00000000e2800000)
  from space 1024K, 82% used [0x00000000e2900000,0x00000000e29d2c28,0x00000000e2a00000)
  to   space 7680K, 0% used [0x00000000e2f80000,0x00000000e2f80000,0x00000000e3700000)
 ParOldGen       total 34304K, used 16442K [0x00000000a0000000, 0x00000000a2180000, 0x00000000e0000000)
  object space 34304K, 47% used [0x00000000a0000000,0x00000000a100eb38,0x00000000a2180000)
 Metaspace       used 34438K, capacity 35206K, committed 35416K, reserved 1079296K
  class space    used 4686K, capacity 4957K, committed 4992K, reserved 1048576K
}
Event: 34.238 GC heap before
{Heap before GC invocations=15 (full 2):
 PSYoungGen      total 41984K, used 843K [0x00000000e0000000, 0x00000000e3700000, 0x0000000100000000)
  eden space 40960K, 0% used [0x00000000e0000000,0x00000000e0000000,0x00000000e2800000)
  from space 1024K, 82% used [0x00000000e2900000,0x00000000e29d2c28,0x00000000e2a00000)
  to   space 7680K, 0% used [0x00000000e2f80000,0x00000000e2f80000,0x00000000e3700000)
 ParOldGen       total 34304K, used 16442K [0x00000000a0000000, 0x00000000a2180000, 0x00000000e0000000)
  object space 34304K, 47% used [0x00000000a0000000,0x00000000a100eb38,0x00000000a2180000)
 Metaspace       used 34438K, capacity 35206K, committed 35416K, reserved 1079296K
  class space    used 4686K, capacity 4957K, committed 4992K, reserved 1048576K
Event: 34.363 GC heap after
Heap after GC invocations=15 (full 2):
 PSYoungGen      total 41984K, used 0K [0x00000000e0000000, 0x00000000e3700000, 0x0000000100000000)
  eden space 40960K, 0% used [0x00000000e0000000,0x00000000e0000000,0x00000000e2800000)
  from space 1024K, 0% used [0x00000000e2900000,0x00000000e2900000,0x00000000e2a00000)
  to   space 7680K, 0% used [0x00000000e2f80000,0x00000000e2f80000,0x00000000e3700000)
 ParOldGen       total 51200K, used 13732K [0x00000000a0000000, 0x00000000a3200000, 0x00000000e0000000)
  object space 51200K, 26% used [0x00000000a0000000,0x00000000a0d69058,0x00000000a3200000)
 Metaspace       used 34438K, capacity 35206K, committed 35416K, reserved 1079296K
  class space    used 4686K, capacity 4957K, committed 4992K, reserved 1048576K
}

