# JRE version: OpenJDK Runtime Environment (8.0_152-b01) (build 1.8.0_152-release-915-b01)
# Java VM: OpenJDK 64-Bit Server VM (25.152-b01 mixed mode windows-amd64 compressed oops)
Heap:
 PSYoungGen      total 56832K, used 9233K [0x00000000e0000000, 0x00000000e4680000, 0x0000000100000000)
  eden space 51200K, 9% used [0x00000000e0000000,0x00000000e04daf10,0x00000000e3200000)
  from space 5632K, 75% used [0x00000000e3200000,0x00000000e3629518,0x00000000e3780000)
  to   space 6144K, 0% used [0x00000000e4080000,0x00000000e4080000,0x00000000e4680000)
 ParOldGen       total 54784K, used 14648K [0x00000000a0000000, 0x00000000a3580000, 0x00000000e0000000)
  object space 54784K, 26% used [0x00000000a0000000,0x00000000a0e4e170,0x00000000a3580000)
 Metaspace       used 37843K, capacity 38566K, committed 38872K, reserved 1083392K
  class space    used 5071K, capacity 5331K, committed 5376K, reserved 1048576K
GC Heap History (10 events):
Event: 19.229 GC heap before
{Heap before GC invocations=15 (full 1):
 PSYoungGen      total 35840K, used 32428K [0x00000000e0000000, 0x00000000e3380000, 0x0000000100000000)
  eden space 29696K, 100% used [0x00000000e0000000,0x00000000e1d00000,0x00000000e1d00000)
  from space 6144K, 44% used [0x00000000e1d00000,0x00000000e1fab0d0,0x00000000e2300000)
  to   space 6144K, 0% used [0x00000000e2d80000,0x00000000e2d80000,0x00000000e3380000)
 ParOldGen       total 33280K, used 11351K [0x00000000a0000000, 0x00000000a2080000, 0x00000000e0000000)
  object space 33280K, 34% used [0x00000000a0000000,0x00000000a0b15e90,0x00000000a2080000)
 Metaspace       used 30287K, capacity 30904K, committed 31232K, reserved 1077248K
  class space    used 4124K, capacity 4323K, committed 4352K, reserved 1048576K
Event: 19.234 GC heap after
Heap after GC invocations=15 (full 1):
 PSYoungGen      total 44544K, used 1056K [0x00000000e0000000, 0x00000000e3280000, 0x0000000100000000)
  eden space 39424K, 0% used [0x00000000e0000000,0x00000000e0000000,0x00000000e2680000)
  from space 5120K, 20% used [0x00000000e2d80000,0x00000000e2e88000,0x00000000e3280000)
  to   space 6144K, 0% used [0x00000000e2680000,0x00000000e2680000,0x00000000e2c80000)
 ParOldGen       total 33280K, used 12020K [0x00000000a0000000, 0x00000000a2080000, 0x00000000e0000000)
  object space 33280K, 36% used [0x00000000a0000000,0x00000000a0bbd2b0,0x00000000a2080000)
 Metaspace       used 30287K, capacity 30904K, committed 31232K, reserved 1077248K
  class space    used 4124K, capacity 4323K, committed 4352K, reserved 1048576K
}
Event: 21.971 GC heap before
{Heap before GC invocations=16 (full 1):
 PSYoungGen      total 44544K, used 40480K [0x00000000e0000000, 0x00000000e3280000, 0x0000000100000000)
  eden space 39424K, 100% used [0x00000000e0000000,0x00000000e2680000,0x00000000e2680000)
  from space 5120K, 20% used [0x00000000e2d80000,0x00000000e2e88000,0x00000000e3280000)
  to   space 6144K, 0% used [0x00000000e2680000,0x00000000e2680000,0x00000000e2c80000)
 ParOldGen       total 33280K, used 12020K [0x00000000a0000000, 0x00000000a2080000, 0x00000000e0000000)
  object space 33280K, 36% used [0x00000000a0000000,0x00000000a0bbd2b0,0x00000000a2080000)
 Metaspace       used 31784K, capacity 32462K, committed 32768K, reserved 1077248K
  class space    used 4327K, capacity 4568K, committed 4608K, reserved 1048576K
Event: 21.976 GC heap after
Heap after GC invocations=16 (full 1):
 PSYoungGen      total 45568K, used 2771K [0x00000000e0000000, 0x00000000e3d80000, 0x0000000100000000)
  eden space 39424K, 0% used [0x00000000e0000000,0x00000000e0000000,0x00000000e2680000)
  from space 6144K, 45% used [0x00000000e2680000,0x00000000e2934c10,0x00000000e2c80000)
  to   space 6144K, 0% used [0x00000000e3780000,0x00000000e3780000,0x00000000e3d80000)
 ParOldGen       total 33280K, used 12572K [0x00000000a0000000, 0x00000000a2080000, 0x00000000e0000000)
  object space 33280K, 37% used [0x00000000a0000000,0x00000000a0c472b0,0x00000000a2080000)
 Metaspace       used 31784K, capacity 32462K, committed 32768K, reserved 1077248K
  class space    used 4327K, capacity 4568K, committed 4608K, reserved 1048576K
}
Event: 22.764 GC heap before
{Heap before GC invocations=17 (full 1):
 PSYoungGen      total 45568K, used 14081K [0x00000000e0000000, 0x00000000e3d80000, 0x0000000100000000)
  eden space 39424K, 28% used [0x00000000e0000000,0x00000000e0b0bb98,0x00000000e2680000)
  from space 6144K, 45% used [0x00000000e2680000,0x00000000e2934c10,0x00000000e2c80000)
  to   space 6144K, 0% used [0x00000000e3780000,0x00000000e3780000,0x00000000e3d80000)
 ParOldGen       total 33280K, used 12572K [0x00000000a0000000, 0x00000000a2080000, 0x00000000e0000000)
  object space 33280K, 37% used [0x00000000a0000000,0x00000000a0c472b0,0x00000000a2080000)
 Metaspace       used 34451K, capacity 35174K, committed 35416K, reserved 1079296K
  class space    used 4682K, capacity 4925K, committed 4992K, reserved 1048576K
Event: 22.771 GC heap after
Heap after GC invocations=17 (full 1):
 PSYoungGen      total 56832K, used 3416K [0x00000000e0000000, 0x00000000e3d00000, 0x0000000100000000)
  eden space 51200K, 0% used [0x00000000e0000000,0x00000000e0000000,0x00000000e3200000)
  from space 5632K, 60% used [0x00000000e3780000,0x00000000e3ad6148,0x00000000e3d00000)
  to   space 5632K, 0% used [0x00000000e3200000,0x00000000e3200000,0x00000000e3780000)
 ParOldGen       total 33280K, used 12580K [0x00000000a0000000, 0x00000000a2080000, 0x00000000e0000000)
  object space 33280K, 37% used [0x00000000a0000000,0x00000000a0c492b0,0x00000000a2080000)
 Metaspace       used 34451K, capacity 35174K, committed 35416K, reserved 1079296K
  class space    used 4682K, capacity 4925K, committed 4992K, reserved 1048576K
}
Event: 22.771 GC heap before
{Heap before GC invocations=18 (full 2):
 PSYoungGen      total 56832K, used 3416K [0x00000000e0000000, 0x00000000e3d00000, 0x0000000100000000)
  eden space 51200K, 0% used [0x00000000e0000000,0x00000000e0000000,0x00000000e3200000)
  from space 5632K, 60% used [0x00000000e3780000,0x00000000e3ad6148,0x00000000e3d00000)
  to   space 5632K, 0% used [0x00000000e3200000,0x00000000e3200000,0x00000000e3780000)
 ParOldGen       total 33280K, used 12580K [0x00000000a0000000, 0x00000000a2080000, 0x00000000e0000000)
  object space 33280K, 37% used [0x00000000a0000000,0x00000000a0c492b0,0x00000000a2080000)
 Metaspace       used 34451K, capacity 35174K, committed 35416K, reserved 1079296K
  class space    used 4682K, capacity 4925K, committed 4992K, reserved 1048576K
Event: 22.889 GC heap after
Heap after GC invocations=18 (full 2):
 PSYoungGen      total 56832K, used 0K [0x00000000e0000000, 0x00000000e3d00000, 0x0000000100000000)
  eden space 51200K, 0% used [0x00000000e0000000,0x00000000e0000000,0x00000000e3200000)
  from space 5632K, 0% used [0x00000000e3780000,0x00000000e3780000,0x00000000e3d00000)
  to   space 5632K, 0% used [0x00000000e3200000,0x00000000e3200000,0x00000000e3780000)
 ParOldGen       total 54784K, used 14640K [0x00000000a0000000, 0x00000000a3580000, 0x00000000e0000000)
  object space 54784K, 26% used [0x00000000a0000000,0x00000000a0e4c170,0x00000000a3580000)
 Metaspace       used 34451K, capacity 35174K, committed 35416K, reserved 1079296K
  class space    used 4682K, capacity 4925K, committed 4992K, reserved 1048576K
}
Event: 23.895 GC heap before
{Heap before GC invocations=19 (full 2):
 PSYoungGen      total 56832K, used 51200K [0x00000000e0000000, 0x00000000e3d00000, 0x0000000100000000)
  eden space 51200K, 100% used [0x00000000e0000000,0x00000000e3200000,0x00000000e3200000)
  from space 5632K, 0% used [0x00000000e3780000,0x00000000e3780000,0x00000000e3d00000)
  to   space 5632K, 0% used [0x00000000e3200000,0x00000000e3200000,0x00000000e3780000)
 ParOldGen       total 54784K, used 14640K [0x00000000a0000000, 0x00000000a3580000, 0x00000000e0000000)
  object space 54784K, 26% used [0x00000000a0000000,0x00000000a0e4c170,0x00000000a3580000)
 Metaspace       used 37735K, capacity 38502K, committed 38872K, reserved 1083392K
  class space    used 5061K, capacity 5331K, committed 5376K, reserved 1048576K
Event: 23.904 GC heap after
Heap after GC invocations=19 (full 2):
 PSYoungGen      total 56832K, used 4261K [0x00000000e0000000, 0x00000000e4680000, 0x0000000100000000)
  eden space 51200K, 0% used [0x00000000e0000000,0x00000000e0000000,0x00000000e3200000)
  from space 5632K, 75% used [0x00000000e3200000,0x00000000e3629518,0x00000000e3780000)
  to   space 6144K, 0% used [0x00000000e4080000,0x00000000e4080000,0x00000000e4680000)
 ParOldGen       total 54784K, used 14648K [0x00000000a0000000, 0x00000000a3580000, 0x00000000e0000000)
  object space 54784K, 26% used [0x00000000a0000000,0x00000000a0e4e170,0x00000000a3580000)
 Metaspace       used 37735K, capacity 38502K, committed 38872K, reserved 1083392K
  class space    used 5061K, capacity 5331K, committed 5376K, reserved 1048576K
}

